<?xml version="1.0" encoding="UTF-8"?>
<coverage generated="1691105538848" clover="3.2.0">
  <project timestamp="1691105538848" name="All files">
    <metrics statements="3" coveredstatements="3" conditionals="1" coveredconditionals="1" methods="1" coveredmethods="1" elements="5" coveredelements="5" complexity="0" loc="3" ncloc="3" packages="1" files="1" classes="1"/>
    <file name="hello_world.ts" path="/home/gleidev/Workspace/WebAcademy/WACAD017 - Fundamentos_CI_CD/Lab01_Aula03/src/hello_world.ts">
      <metrics statements="3" coveredstatements="3" conditionals="1" coveredconditionals="1" methods="1" coveredmethods="1"/>
      <line num="1" count="1" type="stmt"/>
      <line num="3" count="1" type="cond" truecount="1" falsecount="0"/>
      <line num="4" count="1" type="stmt"/>
    </file>
  </project>
</coverage>
